TN:
SF:src/components/Button.tsx
FN:7,Button
FNF:1
FNH:1
FNDA:15,Button
DA:1,1
DA:2,1
DA:3,1
DA:4,1
DA:5,1
DA:6,1
DA:7,1
DA:8,15
DA:9,15
DA:10,15
DA:11,15
DA:12,15
DA:13,15
DA:14,15
DA:15,15
DA:16,15
DA:17,15
DA:18,15
DA:19,1
DA:20,1
LF:20
LH:20
BRDA:7,0,0,15
BRF:1
BRH:1
end_of_record
TN:
SF:src/components/Modal.tsx
FN:14,Modal
FN:40,handleOutsideClick
FN:50,handleEscapeKey
FNF:3
FNH:1
FNDA:5,Modal
FNDA:0,handleOutsideClick
FNDA:0,handleEscapeKey
DA:1,1
DA:2,1
DA:3,1
DA:4,1
DA:5,1
DA:6,1
DA:7,1
DA:8,1
DA:9,1
DA:10,1
DA:11,1
DA:12,1
DA:13,1
DA:14,1
DA:15,5
DA:16,5
DA:17,5
DA:18,5
DA:19,5
DA:20,5
DA:21,5
DA:22,5
DA:23,5
DA:24,5
DA:25,5
DA:26,5
DA:27,5
DA:28,5
DA:29,0
DA:30,0
DA:31,5
DA:32,5
DA:33,5
DA:34,5
DA:35,5
DA:36,5
DA:37,5
DA:38,5
DA:39,5
DA:40,5
DA:41,0
DA:42,0
DA:43,0
DA:44,0
DA:45,0
DA:46,0
DA:47,0
DA:48,0
DA:49,5
DA:50,5
DA:51,0
DA:52,0
DA:53,0
DA:54,0
DA:55,5
DA:56,5
DA:57,5
DA:58,0
DA:59,5
DA:60,5
DA:61,5
DA:62,5
DA:63,5
DA:64,5
DA:65,5
DA:66,5
DA:67,5
DA:68,5
DA:69,0
DA:70,0
DA:71,0
DA:72,0
DA:73,5
DA:74,5
DA:75,5
DA:76,5
DA:77,5
DA:78,5
DA:79,5
DA:80,5
DA:81,5
DA:82,5
DA:83,5
DA:84,5
DA:85,5
DA:86,5
DA:87,5
DA:88,5
DA:89,5
DA:90,5
DA:91,5
DA:92,5
DA:93,5
DA:94,5
DA:95,5
DA:96,5
DA:97,5
DA:98,5
DA:99,0
DA:100,0
DA:101,0
DA:102,5
DA:103,5
DA:104,5
DA:105,5
DA:106,5
DA:107,1
DA:108,1
LF:108
LH:86
BRDA:14,0,0,5
BRDA:17,1,0,0
BRDA:20,2,0,0
BRDA:21,3,0,0
BRDA:22,4,0,0
BRDA:68,5,0,0
BRDA:73,6,0,0
BRDA:81,7,0,0
BRDA:81,8,0,0
BRDA:98,9,0,0
BRDA:27,10,0,5
BRDA:28,11,0,0
BRDA:35,12,0,5
BRDA:56,13,0,5
BRDA:57,14,0,0
BRDA:63,15,0,5
BRF:16
BRH:5
end_of_record
TN:
SF:src/components/NoImage.tsx
FN:7,NoImage
FNF:1
FNH:0
FNDA:0,NoImage
DA:1,1
DA:2,1
DA:3,1
DA:4,1
DA:5,1
DA:6,1
DA:7,1
DA:8,0
DA:9,0
DA:10,0
DA:11,0
DA:12,0
DA:13,0
DA:14,0
DA:15,0
DA:16,1
DA:17,1
LF:17
LH:9
BRF:0
BRH:0
end_of_record
TN:
SF:src/components/PostCard.tsx
FN:8,PostCard
FN:18,getButtonClasses
FN:28,getButtonTitle
FN:49,onClick
FN:55,onClick
FNF:5
FNH:5
FNDA:5,PostCard
FNDA:10,getButtonClasses
FNDA:10,getButtonTitle
FNDA:1,onClick
FNDA:1,onClick
DA:1,1
DA:2,1
DA:3,1
DA:4,1
DA:5,1
DA:6,1
DA:7,1
DA:8,1
DA:9,5
DA:10,5
DA:11,5
DA:12,5
DA:13,5
DA:14,5
DA:15,5
DA:16,5
DA:17,5
DA:18,5
DA:19,10
DA:20,10
DA:21,5
DA:22,5
DA:23,5
DA:24,5
DA:25,5
DA:26,5
DA:27,5
DA:28,5
DA:29,10
DA:30,5
DA:31,5
DA:32,5
DA:33,5
DA:34,5
DA:35,5
DA:36,5
DA:37,5
DA:38,5
DA:39,5
DA:40,5
DA:41,5
DA:42,0
DA:43,0
DA:44,5
DA:45,5
DA:46,5
DA:47,5
DA:48,5
DA:49,5
DA:50,5
DA:51,5
DA:52,5
DA:53,5
DA:54,5
DA:55,5
DA:56,5
DA:57,5
DA:58,5
DA:59,5
DA:60,5
DA:61,5
DA:62,5
DA:63,1
DA:64,1
DA:65,1
LF:65
LH:63
BRDA:8,0,0,5
BRDA:42,1,0,0
BRDA:50,2,0,1
BRDA:50,3,0,4
BRDA:56,4,0,1
BRDA:56,5,0,4
BRDA:18,6,0,10
BRDA:20,7,0,5
BRDA:21,8,0,1
BRDA:21,9,0,4
BRDA:24,10,0,1
BRDA:24,11,0,4
BRDA:28,12,0,10
BRDA:29,13,0,5
BRDA:29,14,0,1
BRDA:29,15,0,4
BRDA:29,16,0,5
BRDA:29,17,0,1
BRDA:29,18,0,4
BRDA:49,19,0,1
BRDA:55,20,0,1
BRF:21
BRH:20
end_of_record
TN:
SF:src/components/ReportModal.tsx
FN:8,ReportModal
FN:13,handleCheckboxChange
FN:20,reportPost
FN:30,onClick
FN:34,onClose
FN:46,onClick
FNF:6
FNH:1
FNDA:5,ReportModal
FNDA:0,handleCheckboxChange
FNDA:0,reportPost
FNDA:0,onClick
FNDA:0,onClose
FNDA:0,onClick
DA:1,1
DA:2,1
DA:3,1
DA:4,1
DA:5,1
DA:6,1
DA:7,1
DA:8,1
DA:9,5
DA:10,5
DA:11,5
DA:12,5
DA:13,5
DA:14,0
DA:15,0
DA:16,0
DA:17,0
DA:18,5
DA:19,5
DA:20,5
DA:21,0
DA:22,0
DA:23,5
DA:24,5
DA:25,5
DA:26,5
DA:27,5
DA:28,5
DA:29,5
DA:30,5
DA:31,5
DA:32,5
DA:33,5
DA:34,5
DA:35,5
DA:36,5
DA:37,5
DA:38,5
DA:39,5
DA:40,5
DA:41,5
DA:42,5
DA:43,5
DA:44,5
DA:45,5
DA:46,5
DA:47,5
DA:48,5
DA:49,5
DA:50,5
DA:51,5
DA:52,5
DA:53,5
DA:54,25
DA:55,25
DA:56,25
DA:57,25
DA:58,25
DA:59,25
DA:60,25
DA:61,25
DA:62,25
DA:63,5
DA:64,5
DA:65,5
DA:66,5
DA:67,5
DA:68,5
DA:69,1
DA:70,1
LF:70
LH:64
BRDA:8,0,0,5
BRDA:53,1,0,25
BRF:2
BRH:2
end_of_record
